,number,value,datetime_start,datetime_complete,duration,params_bagging_fraction,params_bagging_freq,params_feature_fraction,params_lambda_l1,params_lambda_l2,params_learning_rate,params_max_depth,params_min_data_in_leaf,params_min_gain_to_split,params_n_estimators,params_num_leaves,state
746,746,0.7768038805608187,2023-05-31 23:53:02.283020,2023-05-31 23:53:07.335209,0 days 00:00:05.052189,0.9,6,0.5,20.0,50.0,0.029530437776180776,10,8,0.0,812,122,COMPLETE
747,747,0.7788677921916214,2023-05-31 23:53:07.340013,2023-05-31 23:53:13.258798,0 days 00:00:05.918785,0.9,6,0.5,10.0,45.0,0.025743238411035485,10,8,0.0,789,121,COMPLETE
748,748,0.768797192709495,2023-05-31 23:53:13.261997,2023-05-31 23:53:15.849268,0 days 00:00:02.587271,0.9,6,0.5,10.0,50.0,0.032410234046134065,10,8,5.0,791,119,COMPLETE
749,749,0.7779303636206196,2023-05-31 23:53:15.855286,2023-05-31 23:53:20.960934,0 days 00:00:05.105648,0.9,6,0.5,15.0,45.0,0.03638258651677826,10,8,0.0,782,112,COMPLETE
750,750,0.7629235228018538,2023-05-31 23:53:20.981499,2023-05-31 23:53:23.479609,0 days 00:00:02.498110,0.9,6,0.5,10.0,45.0,0.02581433729111681,10,8,20.0,796,101,COMPLETE
751,751,0.7676719514665333,2023-05-31 23:53:23.487635,2023-05-31 23:53:26.206949,0 days 00:00:02.719314,0.9,6,0.4,15.0,50.0,0.0268383252462396,10,8,5.0,776,123,COMPLETE
752,752,0.7786016237769484,2023-05-31 23:53:26.213522,2023-05-31 23:53:31.883566,0 days 00:00:05.670044,0.9,5,0.5,10.0,50.0,0.036613842218620476,10,8,0.0,757,106,COMPLETE
753,753,0.7571224904074361,2023-05-31 23:53:31.890988,2023-05-31 23:53:34.128238,0 days 00:00:02.237250,0.9,5,0.5,10.0,55.0,0.03311152771808359,10,8,75.0,734,116,COMPLETE
754,754,0.7784859560910563,2023-05-31 23:53:34.128238,2023-05-31 23:53:39.568728,0 days 00:00:05.440490,0.9,5,0.5,10.0,50.0,0.04536721509026684,10,8,0.0,752,108,COMPLETE
755,755,0.766965460548927,2023-05-31 23:53:39.575334,2023-05-31 23:53:43.581514,0 days 00:00:04.006180,0.9,5,0.5,80.0,55.0,0.03767915596301651,10,8,0.0,726,104,COMPLETE
756,756,0.7784848199970946,2023-05-31 23:53:43.586878,2023-05-31 23:53:49.127401,0 days 00:00:05.540523,0.9,5,0.5,10.0,50.0,0.04356734291441671,10,7,0.0,752,118,COMPLETE
757,757,0.7677546126745962,2023-05-31 23:53:49.130323,2023-05-31 23:53:51.702802,0 days 00:00:02.572479,0.9,5,0.5,15.0,45.0,0.03564657922037189,10,8,5.0,767,107,COMPLETE
758,758,0.7789504496934899,2023-05-31 23:53:51.707904,2023-05-31 23:53:57.617121,0 days 00:00:05.909217,0.9,5,0.5,10.0,50.0,0.02786292578402393,10,8,0.0,791,108,COMPLETE
759,759,0.7687148210019268,2023-05-31 23:53:57.623432,2023-05-31 23:54:00.331286,0 days 00:00:02.707854,0.9,5,0.5,10.0,45.0,0.028250434126037036,10,8,5.0,796,121,COMPLETE
760,760,0.7656169395365822,2023-05-31 23:54:00.336042,2023-05-31 23:54:02.964548,0 days 00:00:02.628506,0.9,5,0.5,15.0,50.0,0.023773953988090974,10,7,10.0,785,114,COMPLETE
761,761,0.7788499981351854,2023-05-31 23:54:02.964548,2023-05-31 23:54:09.284240,0 days 00:00:06.319692,0.9,5,0.5,10.0,45.0,0.03000838541481868,10,8,0.0,801,126,COMPLETE
762,762,0.7686837119484082,2023-05-31 23:54:09.287540,2023-05-31 23:54:11.910123,0 days 00:00:02.622583,0.9,5,0.5,10.0,45.0,0.030106820450685717,10,8,5.0,797,126,COMPLETE
763,763,0.7781609767585158,2023-05-31 23:54:11.917015,2023-05-31 23:54:17.158022,0 days 00:00:05.241007,0.9,5,0.5,15.0,45.0,0.025481782127496317,10,8,0.0,774,125,COMPLETE
764,764,0.7789367743298321,2023-05-31 23:54:17.164693,2023-05-31 23:54:23.187024,0 days 00:00:06.022331,0.9,5,0.5,10.0,45.0,0.027412959543016962,10,8,0.0,813,109,COMPLETE
765,765,0.7788992473132683,2023-05-31 23:54:23.191377,2023-05-31 23:54:29.213307,0 days 00:00:06.021930,0.9,5,0.5,10.0,45.0,0.031095984984635568,10,8,0.0,816,110,COMPLETE
766,766,0.7782449656587234,2023-05-31 23:54:29.218498,2023-05-31 23:54:34.952509,0 days 00:00:05.734011,0.9,5,0.5,10.0,45.0,0.052719157149108735,10,8,0.0,807,117,COMPLETE
767,767,0.7679358146728944,2023-05-31 23:54:34.956299,2023-05-31 23:54:37.641366,0 days 00:00:02.685067,0.9,5,0.5,15.0,50.0,0.0315427511531849,10,8,5.0,819,111,COMPLETE
768,768,0.7788517650910839,2023-05-31 23:54:37.647271,2023-05-31 23:54:43.386993,0 days 00:00:05.739722,0.9,5,0.5,10.0,45.0,0.029313686056889374,10,8,0.0,781,101,COMPLETE
769,769,0.7788316184553297,2023-05-31 23:54:43.391973,2023-05-31 23:54:49.265119,0 days 00:00:05.873146,0.9,5,0.5,10.0,45.0,0.02813734115357317,10,8,0.0,782,109,COMPLETE
770,770,0.7788454554842676,2023-05-31 23:54:49.265119,2023-05-31 23:54:55.760475,0 days 00:00:06.495356,0.9,5,0.5,10.0,50.0,0.02760892304136905,10,8,0.0,778,91,COMPLETE
771,771,0.7687975032755693,2023-05-31 23:54:55.764932,2023-05-31 23:54:58.590946,0 days 00:00:02.826014,0.9,5,0.5,10.0,55.0,0.026155099762195037,10,8,5.0,776,95,COMPLETE
772,772,0.7789189405385082,2023-05-31 23:54:58.595629,2023-05-31 23:55:04.552519,0 days 00:00:05.956890,0.9,5,0.5,10.0,50.0,0.02739835996504293,10,8,0.0,788,98,COMPLETE
773,773,0.7677769737390262,2023-05-31 23:55:04.556748,2023-05-31 23:55:07.311162,0 days 00:00:02.754414,0.9,5,0.5,15.0,50.0,0.027143578651267285,10,8,5.0,790,102,COMPLETE
774,774,0.7767225827773591,2023-05-31 23:55:07.314507,2023-05-31 23:55:12.328891,0 days 00:00:05.014384,0.9,5,0.5,20.0,50.0,0.023227659463458752,10,8,0.0,753,87,COMPLETE
775,775,0.7787755303576915,2023-05-31 23:55:12.332502,2023-05-31 23:55:18.387166,0 days 00:00:06.054664,0.9,5,0.5,10.0,50.0,0.038055700853951095,10,8,0.0,816,95,COMPLETE
776,776,0.7782891398713665,2023-05-31 23:55:18.392397,2023-05-31 23:55:23.653400,0 days 00:00:05.261003,0.9,5,0.5,15.0,55.0,0.039505201971615535,10,8,0.0,817,95,COMPLETE
777,777,0.7783772272939984,2023-05-31 23:55:23.657418,2023-05-31 23:55:29.075249,0 days 00:00:05.417831,0.9,5,0.5,15.0,50.0,0.03494136894152426,10,8,0.0,810,89,COMPLETE
778,778,0.768542761334061,2023-05-31 23:55:29.079671,2023-05-31 23:55:31.666187,0 days 00:00:02.586516,0.9,5,0.5,10.0,50.0,0.040382580335243806,10,8,5.0,788,98,COMPLETE
779,779,0.7661525008633664,2023-05-31 23:55:31.669541,2023-05-31 23:55:34.505304,0 days 00:00:02.835763,0.9,5,0.5,10.0,50.0,0.022606239666497868,10,8,10.0,821,102,COMPLETE
780,780,0.7734078513089531,2023-05-31 23:55:34.508573,2023-05-31 23:55:39.011420,0 days 00:00:04.502847,0.9,5,0.5,35.0,50.0,0.03408967140285545,10,8,0.0,815,92,COMPLETE
781,781,0.7678738108491285,2023-05-31 23:55:39.014566,2023-05-31 23:55:41.758418,0 days 00:00:02.743852,0.9,5,0.5,15.0,55.0,0.028804126875860037,10,8,5.0,798,82,COMPLETE
782,782,0.7789026142275601,2023-05-31 23:55:41.761001,2023-05-31 23:55:47.918387,0 days 00:00:06.157386,0.9,5,0.5,10.0,45.0,0.024954589154889555,10,8,0.0,782,110,COMPLETE
783,783,0.7785860321945334,2023-05-31 23:55:47.921634,2023-05-31 23:55:53.680576,0 days 00:00:05.758942,0.9,5,0.5,10.0,45.0,0.04945218061408305,10,8,0.0,796,108,COMPLETE
784,784,0.779013535900511,2023-05-31 23:55:53.684084,2023-05-31 23:56:00.866101,0 days 00:00:07.182017,0.9,5,0.5,10.0,45.0,0.023914315338885325,10,8,0.0,820,100,COMPLETE
785,785,0.768023203606373,2023-05-31 23:56:00.870328,2023-05-31 23:56:03.714625,0 days 00:00:02.844297,0.9,5,0.5,15.0,45.0,0.022435733967712347,10,8,5.0,782,91,COMPLETE
786,786,0.7790566013650093,2023-05-31 23:56:03.719307,2023-05-31 23:56:10.115153,0 days 00:00:06.395846,0.9,5,0.5,10.0,50.0,0.024864850611373387,10,8,0.0,824,101,COMPLETE
787,787,0.7790150992310662,2023-05-31 23:56:10.115662,2023-05-31 23:56:16.269121,0 days 00:00:06.153459,0.9,5,0.5,10.0,55.0,0.02460345623712731,10,8,0.0,816,99,COMPLETE
788,788,0.7680770639710126,2023-05-31 23:56:16.272834,2023-05-31 23:56:19.048527,0 days 00:00:02.775693,0.9,5,0.5,15.0,50.0,0.023625565189965694,10,8,5.0,815,98,COMPLETE
789,789,0.7789051723676831,2023-05-31 23:56:19.057018,2023-05-31 23:56:25.249948,0 days 00:00:06.192930,0.9,5,0.5,10.0,50.0,0.025884896202561215,10,8,0.0,824,99,COMPLETE
790,790,0.7789691323888498,2023-05-31 23:56:25.254348,2023-05-31 23:56:31.513581,0 days 00:00:06.259233,0.9,5,0.5,10.0,55.0,0.023919461949940723,10,8,0.0,814,100,COMPLETE
791,791,0.7678708155780491,2023-05-31 23:56:31.518396,2023-05-31 23:56:34.387092,0 days 00:00:02.868696,0.9,5,0.5,15.0,55.0,0.022643063799475803,10,8,5.0,815,99,COMPLETE
792,792,0.7786262768046763,2023-05-31 23:56:34.391977,2023-05-31 23:56:40.855131,0 days 00:00:06.463154,0.9,4,0.5,10.0,55.0,0.02466014299821502,10,8,0.0,826,94,COMPLETE
793,793,0.7786863634945875,2023-05-31 23:56:40.857730,2023-05-31 23:56:47.018428,0 days 00:00:06.160698,0.9,5,0.4,10.0,55.0,0.02173549009300806,10,8,0.0,824,103,COMPLETE
794,794,0.768799189056481,2023-05-31 23:56:47.022095,2023-05-31 23:56:49.792334,0 days 00:00:02.770239,0.9,5,0.5,10.0,55.0,0.02608936724192482,10,8,5.0,818,109,COMPLETE
795,795,0.7790448859575798,2023-05-31 23:56:49.796876,2023-05-31 23:56:55.994339,0 days 00:00:06.197463,0.9,5,0.5,10.0,50.0,0.024656117513252206,10,8,0.0,824,100,COMPLETE
796,796,0.7780697306419881,2023-05-31 23:56:55.999275,2023-05-31 23:57:01.685028,0 days 00:00:05.685753,0.9,5,0.5,15.0,60.0,0.022637678140003257,10,8,0.0,817,100,COMPLETE
797,797,0.7577099484167187,2023-05-31 23:57:01.690499,2023-05-31 23:57:04.085683,0 days 00:00:02.395184,0.9,5,0.5,15.0,50.0,0.024598146847535335,10,8,70.0,807,93,COMPLETE
798,798,0.7689478668343275,2023-05-31 23:57:04.092262,2023-05-31 23:57:07.073910,0 days 00:00:02.981648,0.9,5,0.5,10.0,50.0,0.02246061968795416,10,8,5.0,822,106,COMPLETE
799,799,0.7767247497491724,2023-05-31 23:57:07.078381,2023-05-31 23:57:12.015779,0 days 00:00:04.937398,0.9,5,0.4,20.0,55.0,0.03245950503270915,10,8,0.0,827,89,COMPLETE
800,800,0.7790324109379014,2023-05-31 23:57:12.019760,2023-05-31 23:57:18.357611,0 days 00:00:06.337851,0.9,5,0.5,10.0,50.0,0.02538619588697186,10,8,0.0,828,99,COMPLETE
801,801,0.7788913390252213,2023-05-31 23:57:18.361471,2023-05-31 23:57:24.548557,0 days 00:00:06.187086,0.9,5,0.5,10.0,50.0,0.02632641127496972,10,8,0.0,819,98,COMPLETE
802,802,0.7688771570209723,2023-05-31 23:57:24.552029,2023-05-31 23:57:27.451389,0 days 00:00:02.899360,0.9,5,0.5,10.0,50.0,0.026220247988855288,10,8,5.0,823,84,COMPLETE
803,803,0.7783818333919317,2023-05-31 23:57:27.451389,2023-05-31 23:57:32.861205,0 days 00:00:05.409816,0.9,5,0.5,15.0,55.0,0.034107986002211196,10,8,0.0,823,98,COMPLETE
804,804,0.7785720324734295,2023-05-31 23:57:32.865089,2023-05-31 23:57:39.190678,0 days 00:00:06.325589,0.9,4,0.5,10.0,50.0,0.02531242076024291,10,8,0.0,804,103,COMPLETE
805,805,0.7645116407972642,2023-05-31 23:57:39.190678,2023-05-31 23:57:41.940293,0 days 00:00:02.749615,0.9,5,0.5,10.0,50.0,0.021991070437111102,10,8,15.0,823,96,COMPLETE
806,806,0.7680346760353544,2023-05-31 23:57:41.945487,2023-05-31 23:57:44.603504,0 days 00:00:02.658017,0.9,5,0.5,15.0,50.0,0.02892300218183502,10,8,5.0,804,107,COMPLETE
807,807,0.7786607175663596,2023-05-31 23:57:44.608109,2023-05-31 23:57:50.613389,0 days 00:00:06.005280,0.9,5,0.5,10.0,55.0,0.038782465578375676,10,8,0.0,809,101,COMPLETE
808,808,0.7790070118722422,2023-05-31 23:57:50.619327,2023-05-31 23:57:57.091556,0 days 00:00:06.472229,0.9,5,0.5,10.0,50.0,0.02149853297755885,10,8,0.0,828,92,COMPLETE
809,809,0.7790197470651788,2023-05-31 23:57:57.097803,2023-05-31 23:58:03.554568,0 days 00:00:06.456765,0.9,5,0.5,10.0,50.0,0.021865001794903673,10,8,0.0,824,89,COMPLETE
810,810,0.7781750048392795,2023-05-31 23:58:03.558793,2023-05-31 23:58:10.327523,0 days 00:00:06.768730,0.9,5,0.5,15.0,50.0,0.022405897838892994,10,8,0.0,830,77,COMPLETE
811,811,0.7690195251721301,2023-05-31 23:58:10.331959,2023-05-31 23:58:13.302997,0 days 00:00:02.971038,0.9,5,0.5,10.0,55.0,0.025009300131126695,10,8,5.0,831,111,COMPLETE
812,812,0.7780101105549723,2023-05-31 23:58:13.307347,2023-05-31 23:58:19.237172,0 days 00:00:05.929825,0.9,5,0.5,15.0,50.0,0.02202790562940315,10,8,0.0,830,90,COMPLETE
813,813,0.7688969393206369,2023-05-31 23:58:19.299687,2023-05-31 23:58:22.163010,0 days 00:00:02.863323,0.9,5,0.5,10.0,55.0,0.0251004386847051,10,8,5.0,797,82,COMPLETE
814,814,0.7785490777673705,2023-05-31 23:58:22.163010,2023-05-31 23:58:28.879392,0 days 00:00:06.716382,0.9,4,0.5,10.0,50.0,0.021056225454717116,10,8,0.0,831,89,COMPLETE
815,815,0.7788611842696204,2023-05-31 23:58:28.883089,2023-05-31 23:58:34.841363,0 days 00:00:05.958274,0.9,5,0.5,10.0,60.0,0.028262539261283758,10,8,0.0,797,71,COMPLETE
816,816,0.7611069461727256,2023-05-31 23:58:34.844109,2023-05-31 23:58:37.182719,0 days 00:00:02.338610,0.9,5,0.5,10.0,50.0,0.029126617616279594,10,8,45.0,830,102,COMPLETE
817,817,0.7781930135277008,2023-05-31 23:58:37.189496,2023-05-31 23:58:42.618038,0 days 00:00:05.428542,0.9,5,0.5,15.0,60.0,0.03214547963073157,10,7,0.0,805,110,COMPLETE
818,818,0.7677690767144197,2023-05-31 23:58:42.621528,2023-05-31 23:58:45.434188,0 days 00:00:02.812660,0.9,5,0.5,15.0,60.0,0.021386403636670003,10,8,5.0,784,99,COMPLETE
819,819,0.7789050423929956,2023-05-31 23:58:45.437821,2023-05-31 23:58:51.950572,0 days 00:00:06.512751,0.9,5,0.5,10.0,55.0,0.025043514995423576,10,8,0.0,833,93,COMPLETE
820,820,0.7688185261611766,2023-05-31 23:58:51.958314,2023-05-31 23:58:54.810615,0 days 00:00:02.852301,0.9,5,0.5,10.0,55.0,0.029558915657792013,10,8,5.0,828,92,COMPLETE
821,821,0.7789781427762177,2023-05-31 23:58:54.812663,2023-05-31 23:59:01.179012,0 days 00:00:06.366349,0.9,5,0.5,10.0,60.0,0.024127959774644114,10,8,0.0,828,72,COMPLETE
822,822,0.7659468111825755,2023-05-31 23:59:01.181550,2023-05-31 23:59:03.946215,0 days 00:00:02.764665,0.9,4,0.4,10.0,55.0,0.020909116629316212,10,8,10.0,837,67,COMPLETE
823,823,0.7781968917698078,2023-05-31 23:59:03.951359,2023-05-31 23:59:09.923552,0 days 00:00:05.972193,0.9,5,0.5,15.0,60.0,0.023904686715351266,10,8,0.0,829,79,COMPLETE
824,824,0.7789866947894326,2023-05-31 23:59:09.926341,2023-05-31 23:59:16.315022,0 days 00:00:06.388681,0.9,5,0.5,10.0,60.0,0.024640675686716244,10,8,0.0,834,74,COMPLETE
825,825,0.7687337939284322,2023-05-31 23:59:16.320147,2023-05-31 23:59:19.420394,0 days 00:00:03.100247,0.9,5,0.5,10.0,60.0,0.021672468343120824,10,8,5.0,828,68,COMPLETE
826,826,0.7789622593299514,2023-05-31 23:59:19.427313,2023-05-31 23:59:25.699392,0 days 00:00:06.272079,0.9,5,0.5,10.0,60.0,0.024404139228054077,10,8,0.0,840,78,COMPLETE
827,827,0.7678048247676431,2023-05-31 23:59:25.704538,2023-05-31 23:59:28.584585,0 days 00:00:02.880047,0.9,5,0.5,15.0,60.0,0.021247847189940983,10,8,5.0,832,71,COMPLETE
828,828,0.7788405731505716,2023-05-31 23:59:28.590370,2023-05-31 23:59:34.938664,0 days 00:00:06.348294,0.9,5,0.5,10.0,65.0,0.02365551749741157,10,8,0.0,836,74,COMPLETE
829,829,0.7681920493291547,2023-05-31 23:59:34.943006,2023-05-31 23:59:39.242074,0 days 00:00:04.299068,0.9,5,0.5,65.0,60.0,0.02380843416249015,10,7,0.0,819,76,COMPLETE
830,830,0.767778014017362,2023-05-31 23:59:39.247423,2023-05-31 23:59:42.396327,0 days 00:00:03.148904,0.9,5,0.5,15.0,60.0,0.0210440148032393,10,8,5.0,841,83,COMPLETE
831,831,0.7766997616140007,2023-05-31 23:59:42.402514,2023-05-31 23:59:48.087582,0 days 00:00:05.685068,0.9,4,0.5,20.0,65.0,0.023771439416446122,10,8,0.0,839,64,COMPLETE
832,832,0.7777229703915096,2023-05-31 23:59:48.092381,2023-05-31 23:59:53.904310,0 days 00:00:05.811929,0.9,5,0.5,10.0,60.0,0.08122150203059245,10,8,0.0,839,60,COMPLETE
833,833,0.7782851529440349,2023-05-31 23:59:53.909968,2023-05-31 23:59:59.465336,0 days 00:00:05.555368,0.9,5,0.5,15.0,60.0,0.02593601478872287,10,8,0.0,816,72,COMPLETE
834,834,0.7684657412161537,2023-05-31 23:59:59.470788,2023-06-01 00:00:02.477373,0 days 00:00:03.006585,0.9,5,0.4,10.0,55.0,0.021102607329076827,10,7,5.0,816,85,COMPLETE
835,835,0.7788735800825348,2023-06-01 00:00:02.483460,2023-06-01 00:00:08.626517,0 days 00:00:06.143057,0.9,5,0.5,10.0,65.0,0.03346151208259504,10,8,0.0,839,95,COMPLETE
836,836,0.7789128758060117,2023-06-01 00:00:08.632593,2023-06-01 00:00:14.718209,0 days 00:00:06.085616,0.9,5,0.5,10.0,65.0,0.03375544639575344,10,8,0.0,837,87,COMPLETE
837,837,0.7675757960061633,2023-06-01 00:00:14.722982,2023-06-01 00:00:17.563940,0 days 00:00:02.840958,0.9,5,0.5,15.0,60.0,0.03499540189633912,10,8,5.0,837,86,COMPLETE
838,838,0.7784618519669946,2023-06-01 00:00:17.568918,2023-06-01 00:00:23.844273,0 days 00:00:06.275355,0.9,5,0.5,10.0,65.0,0.04330731609265247,10,8,0.0,844,79,COMPLETE
839,839,0.758971377086457,2023-06-01 00:00:23.848938,2023-06-01 00:00:26.310793,0 days 00:00:02.461855,0.9,5,0.5,15.0,60.0,0.03215069175601491,10,8,60.0,834,93,COMPLETE
840,840,0.7615235581228538,2023-06-01 00:00:26.314578,2023-06-01 00:00:28.738054,0 days 00:00:02.423476,0.9,5,0.5,10.0,65.0,0.034035168396242765,10,8,40.0,843,95,COMPLETE
841,841,0.7653360697122247,2023-06-01 00:00:28.743478,2023-06-01 00:00:31.291723,0 days 00:00:02.548245,0.9,5,0.5,10.0,65.0,0.05052434665412721,10,8,10.0,821,85,COMPLETE
842,842,0.778419618159089,2023-06-01 00:00:31.297103,2023-06-01 00:00:37.167325,0 days 00:00:05.870222,0.9,5,0.5,10.0,65.0,0.054745672435328366,10,8,0.0,841,71,COMPLETE
843,843,0.7652886208329026,2023-06-01 00:00:37.170867,2023-06-01 00:00:42.120551,0 days 00:00:04.949684,0.9,5,0.5,15.0,65.0,0.001947305693325535,10,8,5.0,824,97,COMPLETE
844,844,0.779015768445462,2023-06-01 00:00:42.122574,2023-06-01 00:00:48.081134,0 days 00:00:05.958560,0.9,5,0.5,10.0,70.0,0.034377071811967246,10,8,0.0,818,89,COMPLETE
845,845,0.7781218925205382,2023-06-01 00:00:48.087349,2023-06-01 00:00:54.173123,0 days 00:00:06.085774,0.9,4,0.5,10.0,70.0,0.04380422716002735,10,7,0.0,836,87,COMPLETE
846,846,0.7674093344283083,2023-06-01 00:00:54.173123,2023-06-01 00:00:56.843532,0 days 00:00:02.670409,0.9,5,0.5,15.0,70.0,0.03533970466246979,10,8,5.0,844,104,COMPLETE
847,847,0.7782086803801262,2023-06-01 00:00:56.849048,2023-06-01 00:01:02.593154,0 days 00:00:05.744106,0.9,5,0.5,10.0,70.0,0.06948443291822815,10,8,0.0,820,90,COMPLETE
848,848,0.7784856485332867,2023-06-01 00:01:02.598188,2023-06-01 00:01:08.652424,0 days 00:00:06.054236,0.9,5,0.5,10.0,55.0,0.04321599228488989,10,8,0.0,820,79,COMPLETE
849,849,0.7678062716383658,2023-06-01 00:01:08.658013,2023-06-01 00:01:11.569314,0 days 00:00:02.911301,0.9,5,0.5,15.0,55.0,0.032510845097313494,10,8,5.0,843,96,COMPLETE
850,850,0.7784398218827487,2023-06-01 00:01:11.575204,2023-06-01 00:01:18.081051,0 days 00:00:06.505847,0.9,4,0.5,10.0,65.0,0.020325520807472915,10,8,0.0,814,99,COMPLETE
851,851,0.7684635677599376,2023-06-01 00:01:18.081051,2023-06-01 00:01:20.787571,0 days 00:00:02.706520,0.9,5,0.5,10.0,55.0,0.05884334270526735,10,8,5.0,846,105,COMPLETE
852,852,0.778237938044178,2023-06-01 00:01:20.795594,2023-06-01 00:01:26.329612,0 days 00:00:05.534018,0.9,5,0.5,15.0,55.0,0.03872524152358333,10,7,0.0,828,91,COMPLETE
853,853,0.7789563302863043,2023-06-01 00:01:26.336223,2023-06-01 00:01:32.585430,0 days 00:00:06.249207,0.9,5,0.5,10.0,65.0,0.024942677226078586,10,8,0.0,813,86,COMPLETE
854,854,0.7755562543268496,2023-06-01 00:01:32.590811,2023-06-01 00:01:37.660437,0 days 00:00:05.069626,0.9,5,0.5,25.0,65.0,0.026314379116631533,10,8,0.0,819,83,COMPLETE
855,855,0.76279554336803,2023-06-01 00:01:37.664274,2023-06-01 00:01:42.984714,0 days 00:00:05.320440,0.9,5,0.4,10.0,65.0,0.0007537854534527555,10,8,5.0,846,88,COMPLETE
856,856,0.7781735410041513,2023-06-01 00:01:42.990721,2023-06-01 00:01:48.616735,0 days 00:00:05.626014,0.9,5,0.5,15.0,55.0,0.03332428735816482,10,8,0.0,808,94,COMPLETE
857,857,0.7784939818724965,2023-06-01 00:01:48.618575,2023-06-01 00:01:54.025220,0 days 00:00:05.406645,0.9,5,0.5,15.0,70.0,0.04587898044263175,10,8,0.0,832,81,COMPLETE
858,858,0.7784130601625732,2023-06-01 00:01:54.027507,2023-06-01 00:01:59.911245,0 days 00:00:05.883738,0.9,5,0.5,10.0,70.0,0.05821019322024905,10,8,0.0,808,100,COMPLETE
859,859,0.7771966575789988,2023-06-01 00:01:59.919461,2023-06-01 00:02:04.793157,0 days 00:00:04.873696,0.9,5,0.5,20.0,60.0,0.06336769580415941,10,8,0.0,847,104,COMPLETE
860,860,0.7641359577728156,2023-06-01 00:02:04.799609,2023-06-01 00:02:09.919124,0 days 00:00:05.119515,0.9,5,0.5,20.0,70.0,0.0016204560755544231,10,8,5.0,829,88,COMPLETE
861,861,0.7787608712702887,2023-06-01 00:02:09.924647,2023-06-01 00:02:16.204485,0 days 00:00:06.279838,0.9,5,0.5,10.0,60.0,0.030473326138737725,10,8,0.0,812,96,COMPLETE
862,862,0.7677008087526055,2023-06-01 00:02:16.207569,2023-06-01 00:02:18.679246,0 days 00:00:02.471677,0.9,4,0.5,15.0,55.0,0.0760048574406324,10,7,5.0,843,85,COMPLETE
863,863,0.7790511640976865,2023-06-01 00:02:18.687256,2023-06-01 00:02:25.220293,0 days 00:00:06.533037,0.9,5,0.5,10.0,50.0,0.024826299159883505,10,8,0.0,824,107,COMPLETE
864,864,0.768287278370739,2023-06-01 00:02:25.225286,2023-06-01 00:02:27.904300,0 days 00:00:02.679014,0.9,5,0.5,10.0,65.0,0.03985903630385702,10,8,5.0,848,93,COMPLETE
865,865,0.7790163245245914,2023-06-01 00:02:27.910798,2023-06-01 00:02:34.483794,0 days 00:00:06.572996,0.9,5,0.5,10.0,50.0,0.024544378550760707,10,8,0.0,828,76,COMPLETE
866,866,0.7705003896857969,2023-06-01 00:02:34.487609,2023-06-01 00:02:41.062353,0 days 00:00:06.574744,0.9,5,0.5,10.0,50.0,0.002766169395549238,10,8,0.0,827,75,COMPLETE
867,867,0.7789046938890057,2023-06-01 00:02:41.070249,2023-06-01 00:02:47.444301,0 days 00:00:06.374052,0.9,5,0.5,10.0,50.0,0.023792717402720008,10,8,0.0,830,77,COMPLETE
868,868,0.777606861486684,2023-06-01 00:02:47.447944,2023-06-01 00:02:53.097678,0 days 00:00:05.649734,0.9,5,0.5,10.0,50.0,0.0944391495277085,10,8,0.0,818,64,COMPLETE
869,869,0.7595515532453645,2023-06-01 00:02:53.102893,2023-06-01 00:02:57.641207,0 days 00:00:04.538314,0.9,5,0.5,15.0,50.0,0.0011388731576326388,10,8,30.0,826,76,COMPLETE
870,870,0.7656795426172401,2023-06-01 00:02:57.648186,2023-06-01 00:02:59.937445,0 days 00:00:02.289259,0.30000000000000004,5,0.5,10.0,50.0,0.023907725050673134,10,8,5.0,851,81,COMPLETE
871,871,0.7752713119238922,2023-06-01 00:02:59.945481,2023-06-01 00:03:03.551044,0 days 00:00:03.605563,0.2,5,0.5,10.0,55.0,0.021058828407846546,10,8,0.0,815,78,COMPLETE
872,872,0.7673292459746142,2023-06-01 00:03:03.556117,2023-06-01 00:03:06.011975,0 days 00:00:02.455858,0.9,5,0.5,15.0,50.0,0.07882099168082894,10,8,5.0,834,106,COMPLETE
