,number,value,datetime_start,datetime_complete,duration,params_bagging_fraction,params_bagging_freq,params_feature_fraction,params_lambda_l1,params_lambda_l2,params_learning_rate,params_max_depth,params_min_data_in_leaf,params_min_gain_to_split,params_n_estimators,params_num_leaves,state
624,624,0.7779836476635786,2023-05-31 23:43:30.268008,2023-05-31 23:43:37.022443,0 days 00:00:06.754435,0.8,6,0.7,0.0,25.0,0.0117579849267067,6,5,0.0,870,193,COMPLETE
625,625,0.7727309730173977,2023-05-31 23:43:37.027073,2023-05-31 23:43:40.788771,0 days 00:00:03.761698,0.7,7,0.7,0.0,20.0,0.009105217274640264,6,9,5.0,922,200,COMPLETE
626,626,0.7765231231348638,2023-05-31 23:43:40.790807,2023-05-31 23:43:46.395975,0 days 00:00:05.605168,0.7,6,0.7,5.0,50.0,0.008109150669248805,9,6,0.0,644,215,COMPLETE
627,627,0.7763802923503249,2023-05-31 23:43:46.399452,2023-05-31 23:43:52.215921,0 days 00:00:05.816469,0.8,7,0.6000000000000001,0.0,30.0,0.005145234008064674,5,9,0.0,887,185,COMPLETE
628,628,0.7681675986367191,2023-05-31 23:43:52.215921,2023-05-31 23:43:56.347294,0 days 00:00:04.131373,0.9,6,0.4,0.0,35.0,0.006188966660946655,6,7,10.0,859,159,COMPLETE
629,629,0.7652583534882387,2023-05-31 23:43:56.347294,2023-05-31 23:44:01.781767,0 days 00:00:05.434473,0.8,7,0.7,5.0,20.0,0.0006058646645886172,6,8,5.0,904,174,COMPLETE
630,630,0.7784920791358336,2023-05-31 23:44:01.785582,2023-05-31 23:44:08.047447,0 days 00:00:06.261865,0.8,6,0.7,0.0,25.0,0.010365448730134301,6,9,0.0,833,167,COMPLETE
631,631,0.778423155652096,2023-05-31 23:44:08.052567,2023-05-31 23:44:13.996295,0 days 00:00:05.943728,0.8,6,0.7,0.0,25.0,0.010811833664181049,6,9,0.0,787,166,COMPLETE
632,632,0.7782597464923802,2023-05-31 23:44:13.999739,2023-05-31 23:44:20.016327,0 days 00:00:06.016588,0.8,6,0.7,0.0,30.0,0.013671002051545157,6,9,0.0,800,164,COMPLETE
633,633,0.7724073849555234,2023-05-31 23:44:20.020224,2023-05-31 23:44:23.466135,0 days 00:00:03.445911,0.8,6,0.7,0.0,30.0,0.01225219720805897,7,5,5.0,824,173,COMPLETE
634,634,0.7579782888988122,2023-05-31 23:44:23.472376,2023-05-31 23:44:26.117817,0 days 00:00:02.645441,0.9,6,0.7,0.0,75.0,0.00848063816722703,6,4,80.0,832,166,COMPLETE
635,635,0.7651610076965611,2023-05-31 23:44:26.117817,2023-05-31 23:44:31.221098,0 days 00:00:05.103281,0.8,6,0.7,0.0,55.0,0.00011852085473414395,5,10,0.0,841,173,COMPLETE
636,636,0.7714748769523677,2023-05-31 23:44:31.224999,2023-05-31 23:44:37.827087,0 days 00:00:06.602088,0.8,6,0.7,0.0,100.0,0.062046577555242975,6,9,0.0,806,168,COMPLETE
637,637,0.7724220907428988,2023-05-31 23:44:37.831095,2023-05-31 23:44:42.010744,0 days 00:00:04.179649,0.8,6,0.7,0.0,25.0,0.007013915272434636,6,9,5.0,849,177,COMPLETE
638,638,0.7784752958331609,2023-05-31 23:44:42.015918,2023-05-31 23:44:48.405389,0 days 00:00:06.389471,0.8,6,0.8,0.0,25.0,0.010224165919427923,6,4,0.0,818,180,COMPLETE
639,639,0.7778065048673605,2023-05-31 23:44:48.411533,2023-05-31 23:44:54.693180,0 days 00:00:06.281647,0.8,6,0.9,0.0,25.0,0.011151622261156544,6,5,0.0,821,175,COMPLETE
640,640,0.7723534199542005,2023-05-31 23:44:54.698765,2023-05-31 23:44:57.404841,0 days 00:00:02.706076,0.8,6,0.8,0.0,30.0,0.030484132820508717,6,4,5.0,830,160,COMPLETE
641,641,0.7778184483494331,2023-05-31 23:44:57.410678,2023-05-31 23:45:03.425765,0 days 00:00:06.015087,0.9,6,0.8,0.0,25.0,0.013463687496402277,5,4,0.0,838,172,COMPLETE
642,642,0.7677292108110105,2023-05-31 23:45:03.433242,2023-05-31 23:45:09.337085,0 days 00:00:05.903843,0.8,6,0.6000000000000001,0.0,25.0,0.0001010140661305631,6,4,0.0,801,169,COMPLETE
643,643,0.7704476323818421,2023-05-31 23:45:09.343101,2023-05-31 23:45:12.666465,0 days 00:00:03.323364,0.7,6,0.8,5.0,30.0,0.01047610736118591,6,4,5.0,816,179,COMPLETE
644,644,0.7665620259386555,2023-05-31 23:45:12.671352,2023-05-31 23:45:17.488359,0 days 00:00:04.817007,0.8,6,0.9,0.0,30.0,0.06597482826350873,6,4,0.0,546,158,COMPLETE
645,645,0.7785106719863732,2023-05-31 23:45:17.494547,2023-05-31 23:45:23.945113,0 days 00:00:06.450566,0.8,6,0.6000000000000001,5.0,25.0,0.01520543061411329,6,4,0.0,839,181,COMPLETE
646,646,0.7623804117365992,2023-05-31 23:45:23.946836,2023-05-31 23:45:28.339746,0 days 00:00:04.392910,0.8,6,0.6000000000000001,95.0,35.0,0.0009201333286047293,6,4,0.0,779,169,COMPLETE
647,647,0.7602614503643832,2023-05-31 23:45:28.344875,2023-05-31 23:45:32.808056,0 days 00:00:04.463181,0.8,6,0.8,50.0,25.0,0.00012353317844061677,6,4,10.0,808,177,COMPLETE
648,648,0.7702420205385836,2023-05-31 23:45:32.814299,2023-05-31 23:45:35.508819,0 days 00:00:02.694520,0.7,6,0.7,5.0,25.0,0.015791321555370132,6,4,5.0,828,238,COMPLETE
649,649,0.7785931260867819,2023-05-31 23:45:35.514243,2023-05-31 23:45:41.544677,0 days 00:00:06.030434,0.8,6,0.6000000000000001,5.0,30.0,0.01727310975995022,6,9,0.0,814,181,COMPLETE
650,650,0.7658800114795378,2023-05-31 23:45:41.547376,2023-05-31 23:45:46.199521,0 days 00:00:04.652145,0.8,6,0.5,10.0,35.0,0.001765156565839255,6,9,5.0,849,172,COMPLETE
651,651,0.7606959577493574,2023-05-31 23:45:46.205819,2023-05-31 23:45:48.437536,0 days 00:00:02.231717,0.8,6,0.6000000000000001,10.0,30.0,0.01772500263548524,7,9,60.0,833,181,COMPLETE
652,652,0.7786601276639942,2023-05-31 23:45:48.444940,2023-05-31 23:45:54.824581,0 days 00:00:06.379641,0.9,6,0.7,5.0,30.0,0.01424591922414081,6,9,0.0,811,164,COMPLETE
653,653,0.7788109653631752,2023-05-31 23:45:54.824581,2023-05-31 23:46:01.139718,0 days 00:00:06.315137,0.9,6,0.6000000000000001,5.0,30.0,0.01638251748385947,6,9,0.0,806,165,COMPLETE
654,654,0.7788618608439265,2023-05-31 23:46:01.143268,2023-05-31 23:46:06.957252,0 days 00:00:05.813984,0.9,6,0.6000000000000001,5.0,30.0,0.01668252629755447,6,9,0.0,771,162,COMPLETE
655,655,0.7785461502157313,2023-05-31 23:46:06.964368,2023-05-31 23:46:12.663869,0 days 00:00:05.699501,0.9,6,0.6000000000000001,10.0,30.0,0.017035102262304695,6,9,0.0,783,157,COMPLETE
656,656,0.7691969754338944,2023-05-31 23:46:12.670457,2023-05-31 23:46:15.595720,0 days 00:00:02.925263,0.9,6,0.6000000000000001,10.0,30.0,0.01735461906588343,6,9,5.0,780,160,COMPLETE
657,657,0.7783720093723311,2023-05-31 23:46:15.599750,2023-05-31 23:46:21.207643,0 days 00:00:05.607893,0.9,6,0.6000000000000001,10.0,30.0,0.015918945825708183,6,9,0.0,753,157,COMPLETE
658,658,0.778324328725368,2023-05-31 23:46:21.213825,2023-05-31 23:46:27.039122,0 days 00:00:05.825297,0.9,6,0.6000000000000001,10.0,30.0,0.01627479569768887,6,9,0.0,781,151,COMPLETE
659,659,0.7685074967691113,2023-05-31 23:46:27.046136,2023-05-31 23:46:30.184887,0 days 00:00:03.138751,0.9,6,0.6000000000000001,15.0,30.0,0.014818999304701206,6,9,5.0,771,155,COMPLETE
660,660,0.7786174438159436,2023-05-31 23:46:30.188459,2023-05-31 23:46:36.426887,0 days 00:00:06.238428,0.9,6,0.6000000000000001,10.0,30.0,0.019501684643299665,10,9,0.0,795,161,COMPLETE
661,661,0.7778934975900178,2023-05-31 23:46:36.432105,2023-05-31 23:46:41.798035,0 days 00:00:05.365930,0.9,6,0.6000000000000001,15.0,30.0,0.020113886390035134,10,9,0.0,762,154,COMPLETE
662,662,0.7626804849976588,2023-05-31 23:46:41.803273,2023-05-31 23:46:44.171910,0 days 00:00:02.368637,0.9,6,0.6000000000000001,10.0,35.0,0.022298184979500382,10,9,30.0,740,163,COMPLETE
663,663,0.7785731982830862,2023-05-31 23:46:44.179710,2023-05-31 23:46:50.334252,0 days 00:00:06.154542,0.9,6,0.6000000000000001,10.0,30.0,0.018079846098175846,8,9,0.0,788,165,COMPLETE
664,664,0.768452977959792,2023-05-31 23:46:50.339318,2023-05-31 23:46:53.319956,0 days 00:00:02.980638,0.9,6,0.6000000000000001,15.0,30.0,0.01775021862972199,10,9,5.0,790,150,COMPLETE
665,665,0.7783895216499388,2023-05-31 23:46:53.324366,2023-05-31 23:46:59.212476,0 days 00:00:05.888110,0.9,6,0.6000000000000001,10.0,35.0,0.018752836887349068,7,9,0.0,774,158,COMPLETE
666,666,0.7785055734407735,2023-05-31 23:46:59.218074,2023-05-31 23:47:05.296116,0 days 00:00:06.078042,0.9,6,0.6000000000000001,10.0,30.0,0.014923041775713424,8,9,0.0,792,165,COMPLETE
667,667,0.7683545486329895,2023-05-31 23:47:05.299186,2023-05-31 23:47:07.934559,0 days 00:00:02.635373,0.9,6,0.6000000000000001,15.0,30.0,0.022638086189409042,9,9,5.0,793,160,COMPLETE
668,668,0.7768260257884524,2023-05-31 23:47:07.942805,2023-05-31 23:47:12.004713,0 days 00:00:04.061908,0.9,6,0.6000000000000001,10.0,30.0,0.020399555262357944,3,9,0.0,776,161,COMPLETE
669,669,0.7783947814791903,2023-05-31 23:47:12.021462,2023-05-31 23:47:17.881700,0 days 00:00:05.860238,0.9,6,0.6000000000000001,10.0,30.0,0.014744832028130204,8,9,0.0,738,147,COMPLETE
670,670,0.7692049416063276,2023-05-31 23:47:17.885420,2023-05-31 23:47:21.062131,0 days 00:00:03.176711,0.9,6,0.6000000000000001,10.0,35.0,0.014474170891029038,9,9,5.0,787,152,COMPLETE
671,671,0.7785581998814909,2023-05-31 23:47:21.069561,2023-05-31 23:47:27.273597,0 days 00:00:06.204036,0.9,6,0.6000000000000001,10.0,35.0,0.017777816111556204,8,9,0.0,804,162,COMPLETE
672,672,0.7782036226490869,2023-05-31 23:47:27.277456,2023-05-31 23:47:32.253846,0 days 00:00:04.976390,0.9,6,0.6000000000000001,15.0,35.0,0.0257566722293152,8,9,0.0,756,164,COMPLETE
673,673,0.7784904309899272,2023-05-31 23:47:32.260198,2023-05-31 23:47:38.188703,0 days 00:00:05.928505,0.9,6,0.6000000000000001,10.0,35.0,0.01837902574171534,8,9,0.0,769,164,COMPLETE
674,674,0.7775726296561754,2023-05-31 23:47:38.192542,2023-05-31 23:47:43.813468,0 days 00:00:05.620926,0.9,6,0.6000000000000001,15.0,35.0,0.01646596180761896,8,9,0.0,795,155,COMPLETE
675,675,0.7623849348624196,2023-05-31 23:47:43.818994,2023-05-31 23:47:46.414041,0 days 00:00:02.595047,0.9,6,0.6000000000000001,10.0,35.0,0.020858415065490916,8,9,40.0,798,157,COMPLETE
676,676,0.7692615533682184,2023-05-31 23:47:46.422133,2023-05-31 23:47:49.386552,0 days 00:00:02.964419,0.9,6,0.6000000000000001,10.0,35.0,0.02203343903815773,8,9,5.0,799,165,COMPLETE
677,677,0.7628544878745559,2023-05-31 23:47:49.391294,2023-05-31 23:47:52.033459,0 days 00:00:02.642165,0.9,6,0.6000000000000001,15.0,30.0,0.01753064976378979,8,9,25.0,800,163,COMPLETE
678,678,0.7785350813377633,2023-05-31 23:47:52.040780,2023-05-31 23:47:58.067682,0 days 00:00:06.026902,0.9,6,0.6000000000000001,10.0,30.0,0.01776763266685473,9,9,0.0,753,157,COMPLETE
679,679,0.778575569808383,2023-05-31 23:47:58.073584,2023-05-31 23:48:04.050894,0 days 00:00:05.977310,0.9,6,0.6000000000000001,10.0,30.0,0.018816658665896165,9,9,0.0,770,149,COMPLETE
680,680,0.7785199049844997,2023-05-31 23:48:04.056135,2023-05-31 23:48:09.998024,0 days 00:00:05.941889,0.9,6,0.6000000000000001,10.0,30.0,0.019313720393714394,9,9,0.0,748,154,COMPLETE
681,681,0.7685773263829716,2023-05-31 23:48:10.002631,2023-05-31 23:48:12.750928,0 days 00:00:02.748297,0.9,6,0.6000000000000001,15.0,30.0,0.024352411030654324,9,9,5.0,721,151,COMPLETE
682,682,0.7784978463825405,2023-05-31 23:48:12.754738,2023-05-31 23:48:18.848152,0 days 00:00:06.093414,0.9,6,0.6000000000000001,10.0,35.0,0.01998593192927556,10,9,0.0,778,148,COMPLETE
683,683,0.7674247015568806,2023-05-31 23:48:18.853632,2023-05-31 23:48:21.622696,0 days 00:00:02.769064,0.9,6,0.5,20.0,30.0,0.023685900832193182,9,9,5.0,758,154,COMPLETE
684,684,0.7785327297325434,2023-05-31 23:48:21.639252,2023-05-31 23:48:27.733960,0 days 00:00:06.094708,0.9,6,0.6000000000000001,10.0,35.0,0.019221446249621445,10,9,0.0,741,147,COMPLETE
685,685,0.7778452121958848,2023-05-31 23:48:27.733960,2023-05-31 23:48:33.296617,0 days 00:00:05.562657,0.9,6,0.6000000000000001,15.0,35.0,0.019194293914437808,10,9,0.0,735,147,COMPLETE
686,686,0.7785163537594297,2023-05-31 23:48:33.302025,2023-05-31 23:48:39.115006,0 days 00:00:05.812981,0.9,6,0.6000000000000001,10.0,35.0,0.020963281116031806,9,9,0.0,735,144,COMPLETE
687,687,0.7781496288404914,2023-05-31 23:48:39.120297,2023-05-31 23:48:44.069718,0 days 00:00:04.949421,0.9,6,0.6000000000000001,15.0,35.0,0.027015844204716456,9,9,0.0,696,148,COMPLETE
688,688,0.7689717245830238,2023-05-31 23:48:44.074880,2023-05-31 23:48:46.957116,0 days 00:00:02.882236,0.9,6,0.6000000000000001,10.0,40.0,0.018176461434412556,7,9,5.0,739,153,COMPLETE
689,689,0.7693001395563094,2023-05-31 23:48:46.964493,2023-05-31 23:48:49.764597,0 days 00:00:02.800104,0.9,6,0.6000000000000001,10.0,30.0,0.02276508793852845,10,9,5.0,710,158,COMPLETE
690,690,0.7784572819836109,2023-05-31 23:48:49.773051,2023-05-31 23:48:55.847417,0 days 00:00:06.074366,0.9,6,0.6000000000000001,10.0,35.0,0.018703302953758848,9,9,0.0,758,155,COMPLETE
691,691,0.7785569405405378,2023-05-31 23:48:55.853479,2023-05-31 23:49:01.781889,0 days 00:00:05.928410,0.9,6,0.6000000000000001,10.0,30.0,0.031596016845179056,9,9,0.0,762,140,COMPLETE
692,692,0.7784751358925015,2023-05-31 23:49:01.782947,2023-05-31 23:49:07.526017,0 days 00:00:05.743070,0.9,6,0.6000000000000001,10.0,35.0,0.03422985264747533,9,9,0.0,753,151,COMPLETE
693,693,0.7691115729993052,2023-05-31 23:49:07.530750,2023-05-31 23:49:10.209720,0 days 00:00:02.678970,0.9,6,0.6000000000000001,10.0,40.0,0.023061433168912994,9,9,5.0,754,141,COMPLETE
694,694,0.778145425819565,2023-05-31 23:49:10.209720,2023-05-31 23:49:15.432138,0 days 00:00:05.222418,0.9,6,0.6000000000000001,15.0,30.0,0.030909523478972516,10,9,0.0,773,142,COMPLETE
695,695,0.766595089484672,2023-05-31 23:49:15.436719,2023-05-31 23:49:17.861498,0 days 00:00:02.424779,0.9,6,0.6000000000000001,10.0,30.0,0.04108444371291747,9,9,10.0,764,146,COMPLETE
696,696,0.7783755564367641,2023-05-31 23:49:17.867448,2023-05-31 23:49:22.542427,0 days 00:00:04.674979,0.9,6,0.6000000000000001,15.0,35.0,0.03893134966533028,9,9,0.0,719,158,COMPLETE
697,697,0.7684403745256263,2023-05-31 23:49:22.547637,2023-05-31 23:49:25.234080,0 days 00:00:02.686443,0.9,6,0.6000000000000001,15.0,30.0,0.02316821168101414,9,9,5.0,746,137,COMPLETE
698,698,0.7780625472474203,2023-05-31 23:49:25.243666,2023-05-31 23:49:30.894869,0 days 00:00:05.651203,0.9,6,0.6000000000000001,10.0,35.0,0.048421340496025436,10,9,0.0,781,150,COMPLETE
699,699,0.7786420266028216,2023-05-31 23:49:30.899413,2023-05-31 23:49:36.623845,0 days 00:00:05.724432,0.9,6,0.6000000000000001,10.0,40.0,0.028440369551782207,10,9,0.0,760,142,COMPLETE
700,700,0.7785511410765983,2023-05-31 23:49:36.630969,2023-05-31 23:49:42.507778,0 days 00:00:05.876809,0.9,6,0.6000000000000001,10.0,40.0,0.029297206734661897,10,9,0.0,762,146,COMPLETE
701,701,0.7684322145497073,2023-05-31 23:49:42.510770,2023-05-31 23:49:45.122194,0 days 00:00:02.611424,0.9,6,0.6000000000000001,15.0,40.0,0.025810948150414646,10,9,5.0,762,141,COMPLETE
702,702,0.7786360891987723,2023-05-31 23:49:45.128404,2023-05-31 23:49:50.937840,0 days 00:00:05.809436,0.9,6,0.6000000000000001,10.0,40.0,0.030935017128609646,10,9,0.0,775,145,COMPLETE
703,703,0.7785056545826912,2023-05-31 23:49:50.994593,2023-05-31 23:49:56.704896,0 days 00:00:05.710303,0.9,6,0.6000000000000001,10.0,40.0,0.03345077951372571,10,9,0.0,773,145,COMPLETE
704,704,0.768287727680079,2023-05-31 23:49:56.707185,2023-05-31 23:49:59.384151,0 days 00:00:02.676966,0.9,6,0.6000000000000001,15.0,45.0,0.028965403502446842,10,9,5.0,777,137,COMPLETE
705,705,0.7784705294654184,2023-05-31 23:49:59.384151,2023-05-31 23:50:05.597532,0 days 00:00:06.213381,0.9,6,0.6000000000000001,10.0,40.0,0.03492509233683222,10,9,0.0,793,141,COMPLETE
706,706,0.7786712885063828,2023-05-31 23:50:05.599754,2023-05-31 23:50:11.466352,0 days 00:00:05.866598,0.9,6,0.6000000000000001,10.0,45.0,0.03030825942791269,10,9,0.0,766,135,COMPLETE
707,707,0.7690729198160573,2023-05-31 23:50:11.469872,2023-05-31 23:50:14.039719,0 days 00:00:02.569847,0.9,6,0.6000000000000001,10.0,45.0,0.03271090086635255,10,9,5.0,787,129,COMPLETE
708,708,0.7782804689034571,2023-05-31 23:50:14.046156,2023-05-31 23:50:19.129979,0 days 00:00:05.083823,0.9,6,0.6000000000000001,15.0,45.0,0.02943183472132207,10,9,0.0,768,134,COMPLETE
709,709,0.778624629330112,2023-05-31 23:50:19.132062,2023-05-31 23:50:24.827064,0 days 00:00:05.695002,0.9,6,0.5,10.0,40.0,0.030989147819517143,10,9,0.0,806,139,COMPLETE
710,710,0.7688868918806001,2023-05-31 23:50:24.830256,2023-05-31 23:50:27.426778,0 days 00:00:02.596522,0.9,6,0.5,10.0,45.0,0.03019208875684067,10,9,5.0,804,139,COMPLETE
711,711,0.7555438113202875,2023-05-31 23:50:27.426778,2023-05-31 23:50:29.710666,0 days 00:00:02.283888,0.9,6,0.5,10.0,45.0,0.03849033148489456,10,9,100.0,804,132,COMPLETE
712,712,0.7781990106922893,2023-05-31 23:50:29.714977,2023-05-31 23:50:35.113976,0 days 00:00:05.398999,0.9,6,0.5,10.0,40.0,0.04481322732526857,10,9,0.0,779,139,COMPLETE
713,713,0.7783001035530965,2023-05-31 23:50:35.120070,2023-05-31 23:50:40.449234,0 days 00:00:05.329164,0.9,6,0.6000000000000001,15.0,40.0,0.02909845033315058,10,9,0.0,766,144,COMPLETE
714,714,0.7681564444627181,2023-05-31 23:50:40.469932,2023-05-31 23:50:43.224782,0 days 00:00:02.754850,0.9,6,0.6000000000000001,15.0,40.0,0.03590067965192789,10,8,5.0,808,135,COMPLETE
715,715,0.7787041025038461,2023-05-31 23:50:43.230919,2023-05-31 23:50:49.080587,0 days 00:00:05.849668,0.9,6,0.5,10.0,40.0,0.027412813079023067,10,9,0.0,786,139,COMPLETE
716,716,0.7784666695898637,2023-05-31 23:50:49.085825,2023-05-31 23:50:54.878219,0 days 00:00:05.792394,0.9,6,0.5,10.0,40.0,0.03270535109721123,10,9,0.0,793,137,COMPLETE
717,717,0.7689909589731467,2023-05-31 23:50:54.886039,2023-05-31 23:50:57.572681,0 days 00:00:02.686642,0.9,6,0.5,10.0,45.0,0.02683427569871942,10,9,5.0,729,142,COMPLETE
718,718,0.7770404686719395,2023-05-31 23:50:57.579279,2023-05-31 23:51:02.315970,0 days 00:00:04.736691,0.9,6,0.5,20.0,40.0,0.03580934074722716,10,9,0.0,805,135,COMPLETE
719,719,0.7551163693761409,2023-05-31 23:51:02.323867,2023-05-31 23:51:04.734576,0 days 00:00:02.410709,0.9,6,0.5,15.0,40.0,0.026981281213948993,10,9,90.0,760,132,COMPLETE
720,720,0.7782954867907137,2023-05-31 23:51:04.739404,2023-05-31 23:51:10.416212,0 days 00:00:05.676808,0.9,6,0.5,10.0,40.0,0.042869455089765994,10,9,0.0,786,140,COMPLETE
721,721,0.7610492527846235,2023-05-31 23:51:10.421022,2023-05-31 23:51:12.646364,0 days 00:00:02.225342,0.9,6,0.5,10.0,50.0,0.0318198649778711,10,8,50.0,704,145,COMPLETE
722,722,0.7673447527481991,2023-05-31 23:51:12.653202,2023-05-31 23:51:15.259350,0 days 00:00:02.606148,0.9,6,0.5,15.0,45.0,0.04779909620216498,10,9,5.0,812,122,COMPLETE
723,723,0.7785278419085688,2023-05-31 23:51:15.263545,2023-05-31 23:51:21.167006,0 days 00:00:05.903461,0.9,6,0.6000000000000001,10.0,40.0,0.027921596886375466,10,9,0.0,772,144,COMPLETE
724,724,0.7660048913283817,2023-05-31 23:51:21.171215,2023-05-31 23:51:23.580900,0 days 00:00:02.409685,0.9,6,0.5,10.0,40.0,0.03824624693231744,10,9,10.0,785,138,COMPLETE
725,725,0.7782349845555443,2023-05-31 23:51:23.587085,2023-05-31 23:51:28.599597,0 days 00:00:05.012512,0.9,6,0.6000000000000001,15.0,40.0,0.03181134872557101,10,9,0.0,747,149,COMPLETE
726,726,0.7788142299643953,2023-05-31 23:51:28.607665,2023-05-31 23:51:34.796133,0 days 00:00:06.188468,0.9,6,0.5,10.0,40.0,0.026006490355034443,10,9,0.0,808,144,COMPLETE
727,727,0.778323537369739,2023-05-31 23:51:34.802156,2023-05-31 23:51:40.658630,0 days 00:00:05.856474,0.9,6,0.5,10.0,45.0,0.0324580224913643,10,9,0.0,812,131,COMPLETE
728,728,0.7680436856723535,2023-05-31 23:51:40.658630,2023-05-31 23:51:43.373468,0 days 00:00:02.714838,0.9,6,0.5,15.0,45.0,0.025754603476803785,10,9,5.0,808,135,COMPLETE
729,729,0.7788128288915898,2023-05-31 23:51:43.373468,2023-05-31 23:51:49.319127,0 days 00:00:05.945659,0.9,6,0.5,10.0,40.0,0.026028873967499998,10,8,0.0,793,142,COMPLETE
730,730,0.769162841097521,2023-05-31 23:51:49.320715,2023-05-31 23:51:52.161162,0 days 00:00:02.840447,0.9,6,0.5,10.0,40.0,0.024343057132397927,10,8,5.0,810,143,COMPLETE
731,731,0.778674816401262,2023-05-31 23:51:52.168407,2023-05-31 23:51:58.032186,0 days 00:00:05.863779,0.9,6,0.5,10.0,40.0,0.02668210348365633,10,8,0.0,793,126,COMPLETE
732,732,0.7778828677716383,2023-05-31 23:51:58.038049,2023-05-31 23:52:03.130346,0 days 00:00:05.092297,0.9,6,0.5,15.0,45.0,0.0272303544732968,10,8,0.0,789,126,COMPLETE
733,733,0.7691454779840271,2023-05-31 23:52:03.135662,2023-05-31 23:52:05.709641,0 days 00:00:02.573979,0.9,6,0.5,10.0,40.0,0.02543822721522101,10,8,5.0,791,133,COMPLETE
734,734,0.7780161202402912,2023-05-31 23:52:05.709641,2023-05-31 23:52:11.455416,0 days 00:00:05.745775,0.9,6,0.5,15.0,40.0,0.03711815633696511,10,8,0.0,813,130,COMPLETE
735,735,0.778855564310874,2023-05-31 23:52:11.458348,2023-05-31 23:52:17.403912,0 days 00:00:05.945564,0.9,6,0.5,10.0,45.0,0.025517183200936024,10,8,0.0,791,116,COMPLETE
736,736,0.768886072942382,2023-05-31 23:52:17.408059,2023-05-31 23:52:20.253976,0 days 00:00:02.845917,0.9,6,0.5,10.0,50.0,0.02666055167362953,10,8,5.0,785,125,COMPLETE
737,737,0.759111846114769,2023-05-31 23:52:20.257336,2023-05-31 23:52:22.616234,0 days 00:00:02.358898,0.9,6,0.5,10.0,45.0,0.023815388134547703,10,8,65.0,797,112,COMPLETE
738,738,0.7786467316695423,2023-05-31 23:52:22.620862,2023-05-31 23:52:28.234054,0 days 00:00:05.613192,0.9,6,0.5,10.0,45.0,0.02848222562499181,10,7,0.0,772,123,COMPLETE
739,739,0.7778855492640188,2023-05-31 23:52:28.240563,2023-05-31 23:52:33.557558,0 days 00:00:05.316995,0.9,6,0.5,15.0,50.0,0.02979108472191873,10,8,0.0,778,121,COMPLETE
740,740,0.7680118630151898,2023-05-31 23:52:33.562423,2023-05-31 23:52:36.332960,0 days 00:00:02.770537,0.9,6,0.5,15.0,45.0,0.0272870830874645,10,8,5.0,768,114,COMPLETE
741,741,0.778421111815178,2023-05-31 23:52:36.339581,2023-05-31 23:52:42.260281,0 days 00:00:05.920700,0.9,6,0.5,10.0,45.0,0.03460182342092971,10,8,0.0,813,105,COMPLETE
742,742,0.7782931577915552,2023-05-31 23:52:42.266856,2023-05-31 23:52:47.917040,0 days 00:00:05.650184,0.9,6,0.5,10.0,45.0,0.040795754371912275,10,7,0.0,769,117,COMPLETE
743,743,0.778567604169111,2023-05-31 23:52:47.923578,2023-05-31 23:52:53.615178,0 days 00:00:05.691600,0.9,6,0.5,10.0,45.0,0.024328135572989622,10,8,0.0,745,128,COMPLETE
744,744,0.7787075316274273,2023-05-31 23:52:53.621798,2023-05-31 23:52:59.577905,0 days 00:00:05.956107,0.9,6,0.5,10.0,50.0,0.029231692948268474,10,8,0.0,795,117,COMPLETE
745,745,0.7677350003874169,2023-05-31 23:52:59.584038,2023-05-31 23:53:02.278965,0 days 00:00:02.694927,0.9,6,0.5,15.0,50.0,0.029610903895010563,10,8,5.0,801,116,COMPLETE
